<?xml version="1.0" encoding="utf-8"?>
<LinearLayout xmlns:android="http://schemas.android.com/apk/res/android"
    android:orientation="vertical"
    android:layout_width="match_parent"
    android:layout_height="match_parent">

    <LinearLayout
        android:layout_marginTop="50dp"
        android:layout_width="match_parent"
        android:layout_height="match_parent"
        android:layout_weight="3"
        android:gravity="center"
        android:orientation="vertical">
        <TextView
            android:layout_width="wrap_content"
            android:layout_height="wrap_content"
            android:text="정답 개수"
            android:textSize="50dp"
            android:textStyle="bold"
            />
        <LinearLayout
            android:layout_width="wrap_content"
            android:layout_height="wrap_content"
            android:layout_margin="15dp">
            <TextView
                android:layout_width="wrap_content"
                android:layout_height="wrap_content"
                android:text="3"
                android:textSize="50dp"
                android:textStyle="bold"/>
            <TextView
                android:layout_width="wrap_content"
                android:layout_height="wrap_content"
                android:text=" / "
                android:textSize="30dp"/>
            <TextView
                android:layout_width="wrap_content"
                android:layout_height="wrap_content"
                android:text="5"
                android:textSize="35dp"/>
        </LinearLayout>
    </LinearLayout>

    <LinearLayout
        android:layout_marginTop="20dp"
        android:layout_width="match_parent"
        android:layout_height="match_parent"
        android:layout_weight="3"
        android:orientation="vertical"
        android:gravity="center_horizontal">

        <TextView
            android:layout_margin="15dp"
            android:layout_width="wrap_content"
            android:layout_height="wrap_content"
            android:text="학습 시간"
            android:textSize="50dp"
            android:textStyle="bold"
            />
        <TextView
            android:layout_width="wrap_content"
            android:layout_height="wrap_content"
            android:text="03 : 00"
            android:textSize="50dp"
            android:textStyle="bold"/>

    </LinearLayout>

    <LinearLayout
        android:layout_width="match_parent"
        android:layout_height="match_parent"
        android:layout_weight="4"
        android:orientation="vertical"
        android:gravity="bottom">

        <Button
            android:layout_width="match_parent"
            android:layout_height="wrap_content"
            android:text="메뉴 화면으로 이동"
            android:textSize="25sp"
            android:textStyle="bold"
            android:textColor="#011627"
            android:background="#ED9282"
            android:layout_margin="5dp"
            android:padding="15dp"
            />

    </LinearLayout>

</LinearLayout>